
> ursa-optional@0.9.10 rebuild
> node-gyp rebuild

在此解决方案中一次生成一个项目。若要启用并行生成，请添加“-m”开关。
  ursaNative.cc
D:\django\BS_Web\code\front-end\node_modules\ursa-optional\src\ursaNative.cc(543,32): error C2660: “v8::String::Utf8Length”: 函数不接受 0 个参数 [D:\django\BS_Web\code\front-end\node_modules\ursa-optional\build\ursaNative.vcxproj]
C:\Users\HCK\AppData\Local\node-gyp\Cache\16.13.0\include\node\v8.h(3217,7): message : 参见“v8::String::Utf8Length”的声明 [D:\django\BS_Web\code\front-end\node_modules\ursa-optional\build\ursaNative.vcxproj]
D:\django\BS_Web\code\front-end\node_modules\ursa-optional\src\ursaNative.cc(553,36): error C2664: “int v8::String::WriteUtf8(v8::Isolate *,char *,int,int *,int) const”: 无法将参数 1 从“char *”转换为“v8::Isolate *” [D:\django\BS_Web\code\front-end\node_modules\ursa-optional\build\ursaNative.vcxproj]
D:\django\BS_Web\code\front-end\node_modules\ursa-optional\src\ursaNative.cc(553,18): message : 与指向的类型无关；强制转换要求 reinterpret_cast、C 样式强制转换或函数样式强制转换 [D:\django\BS_Web\code\front-end\node_modules\ursa-optional\build\ursaNative.vcxproj]
C:\Users\HCK\AppData\Local\node-gyp\Cache\16.13.0\include\node\v8.h(3277,7): message : 参见“v8::String::WriteUtf8”的声明 [D:\django\BS_Web\code\front-end\node_modules\ursa-optional\build\ursaNative.vcxproj]
D:\django\BS_Web\code\front-end\node_modules\ursa-optional\src\ursaNative.cc(690,68): error C2660: “v8::FunctionTemplate::GetFunction”: 函数不接受 0 个参数 [D:\django\BS_Web\code\front-end\node_modules\ursa-optional\build\ursaNative.vcxproj]
C:\Users\HCK\AppData\Local\node-gyp\Cache\16.13.0\include\node\v8.h(6802,46): message : 参见“v8::FunctionTemplate::GetFunction”的声明 [D:\django\BS_Web\code\front-end\node_modules\ursa-optional\build\ursaNative.vcxproj]
D:\django\BS_Web\code\front-end\node_modules\ursa-optional\src\ursaNative.cc(690,69): error C2661: “v8::Object::Set”: 没有重载函数接受 1 个参数 [D:\django\BS_Web\code\front-end\node_modules\ursa-optional\build\ursaNative.vcxproj]
D:\django\BS_Web\code\front-end\node_modules\ursa-optional\src\ursaNative.cc(691,38): error C2660: “v8::FunctionTemplate::GetFunction”: 函数不接受 0 个参数 [D:\django\BS_Web\code\front-end\node_modules\ursa-optional\build\ursaNative.vcxproj]
C:\Users\HCK\AppData\Local\node-gyp\Cache\16.13.0\include\node\v8.h(6802,46): message : 参见“v8::FunctionTemplate::GetFunction”的声明 [D:\django\BS_Web\code\front-end\node_modules\ursa-optional\build\ursaNative.vcxproj]
D:\django\BS_Web\code\front-end\node_modules\ursa-optional\src\ursaNative.cc(691,39): error C2660: “Nan::Persistent<v8::Function,v8::NonCopyablePersistentTraits<T>>::Reset”: 函数不接受 1 个参数 [D:\django\BS_Web\code\front-end\node_modules\ursa-optional\build\ursaNative.vcxproj]
          with
          [
              T=v8::Function
          ]
D:\django\BS_Web\code\front-end\node_modules\nan\nan_persistent_12_inl.h(25,15): message : 参见“Nan::Persistent<v8::Function,v8::NonCopyablePersistentTraits<T>>::Reset”的声明 [D:\django\BS_Web\code\front-end\node_modules\ursa-optional\build\ursaNative.vcxproj]
          with
          [
              T=v8::Function
          ]
D:\django\BS_Web\code\front-end\node_modules\ursa-optional\src\ursaNative.cc(693,104): error C2660: “v8::FunctionTemplate::GetFunction”: 函数不接受 0 个参数 [D:\django\BS_Web\code\front-end\node_modules\ursa-optional\build\ursaNative.vcxproj]
C:\Users\HCK\AppData\Local\node-gyp\Cache\16.13.0\include\node\v8.h(6802,46): message : 参见“v8::FunctionTemplate::GetFunction”的声明 [D:\django\BS_Web\code\front-end\node_modules\ursa-optional\build\ursaNative.vcxproj]
D:\django\BS_Web\code\front-end\node_modules\ursa-optional\src\ursaNative.cc(693,105): error C2661: “v8::Object::Set”: 没有重载函数接受 1 个参数 [D:\django\BS_Web\code\front-end\node_modules\ursa-optional\build\ursaNative.vcxproj]
D:\django\BS_Web\code\front-end\node_modules\ursa-optional\src\ursaNative.cc(866,42): error C2660: “v8::Value::Uint32Value”: 函数不接受 0 个参数 [D:\django\BS_Web\code\front-end\node_modules\ursa-optional\build\ursaNative.vcxproj]
C:\Users\HCK\AppData\Local\node-gyp\Cache\16.13.0\include\node\v8.h(3104,41): message : 参见“v8::Value::Uint32Value”的声明 [D:\django\BS_Web\code\front-end\node_modules\ursa-optional\build\ursaNative.vcxproj]
D:\django\BS_Web\code\front-end\node_modules\ursa-optional\src\ursaNative.cc(867,39): error C2660: “v8::Value::Uint32Value”: 函数不接受 0 个参数 [D:\django\BS_Web\code\front-end\node_modules\ursa-optional\build\ursaNative.vcxproj]
C:\Users\HCK\AppData\Local\node-gyp\Cache\16.13.0\include\node\v8.h(3104,41): message : 参见“v8::Value::Uint32Value”的声明 [D:\django\BS_Web\code\front-end\node_modules\ursa-optional\build\ursaNative.vcxproj]
D:\django\BS_Web\code\front-end\node_modules\ursa-optional\src\ursaNative.cc(1103,38): error C2660: “v8::Value::Uint32Value”: 函数不接受 0 个参数 [D:\django\BS_Web\code\front-end\node_modules\ursa-optional\build\ursaNative.vcxproj]
C:\Users\HCK\AppData\Local\node-gyp\Cache\16.13.0\include\node\v8.h(3104,41): message : 参见“v8::Value::Uint32Value”的声明 [D:\django\BS_Web\code\front-end\node_modules\ursa-optional\build\ursaNative.vcxproj]
D:\django\BS_Web\code\front-end\node_modules\ursa-optional\src\ursaNative.cc(1161,38): error C2660: “v8::Value::Uint32Value”: 函数不接受 0 个参数 [D:\django\BS_Web\code\front-end\node_modules\ursa-optional\build\ursaNative.vcxproj]
C:\Users\HCK\AppData\Local\node-gyp\Cache\16.13.0\include\node\v8.h(3104,41): message : 参见“v8::Value::Uint32Value”的声明 [D:\django\BS_Web\code\front-end\node_modules\ursa-optional\build\ursaNative.vcxproj]
D:\django\BS_Web\code\front-end\node_modules\ursa-optional\src\ursaNative.cc(1218,38): error C2660: “v8::Value::Uint32Value”: 函数不接受 0 个参数 [D:\django\BS_Web\code\front-end\node_modules\ursa-optional\build\ursaNative.vcxproj]
C:\Users\HCK\AppData\Local\node-gyp\Cache\16.13.0\include\node\v8.h(3104,41): message : 参见“v8::Value::Uint32Value”的声明 [D:\django\BS_Web\code\front-end\node_modules\ursa-optional\build\ursaNative.vcxproj]
D:\django\BS_Web\code\front-end\node_modules\ursa-optional\src\ursaNative.cc(1272,38): error C2660: “v8::Value::Uint32Value”: 函数不接受 0 个参数 [D:\django\BS_Web\code\front-end\node_modules\ursa-optional\build\ursaNative.vcxproj]
C:\Users\HCK\AppData\Local\node-gyp\Cache\16.13.0\include\node\v8.h(3104,41): message : 参见“v8::Value::Uint32Value”的声明 [D:\django\BS_Web\code\front-end\node_modules\ursa-optional\build\ursaNative.vcxproj]
D:\django\BS_Web\code\front-end\node_modules\ursa-optional\src\ursaNative.cc(1411,34): error C2660: “v8::Value::Uint32Value”: 函数不接受 0 个参数 [D:\django\BS_Web\code\front-end\node_modules\ursa-optional\build\ursaNative.vcxproj]
C:\Users\HCK\AppData\Local\node-gyp\Cache\16.13.0\include\node\v8.h(3104,41): message : 参见“v8::Value::Uint32Value”的声明 [D:\django\BS_Web\code\front-end\node_modules\ursa-optional\build\ursaNative.vcxproj]
D:\django\BS_Web\code\front-end\node_modules\ursa-optional\src\ursaNative.cc(1477,34): error C2660: “v8::Value::Uint32Value”: 函数不接受 0 个参数 [D:\django\BS_Web\code\front-end\node_modules\ursa-optional\build\ursaNative.vcxproj]
C:\Users\HCK\AppData\Local\node-gyp\Cache\16.13.0\include\node\v8.h(3104,41): message : 参见“v8::Value::Uint32Value”的声明 [D:\django\BS_Web\code\front-end\node_modules\ursa-optional\build\ursaNative.vcxproj]
D:\django\BS_Web\code\front-end\node_modules\ursa-optional\src\ursaNative.cc(1554,34): error C2660: “v8::Value::Uint32Value”: 函数不接受 0 个参数 [D:\django\BS_Web\code\front-end\node_modules\ursa-optional\build\ursaNative.vcxproj]
C:\Users\HCK\AppData\Local\node-gyp\Cache\16.13.0\include\node\v8.h(3104,41): message : 参见“v8::Value::Uint32Value”的声明 [D:\django\BS_Web\code\front-end\node_modules\ursa-optional\build\ursaNative.vcxproj]
D:\django\BS_Web\code\front-end\node_modules\ursa-optional\src\ursaNative.cc(1584,35): error C2660: “v8::Value::Uint32Value”: 函数不接受 0 个参数 [D:\django\BS_Web\code\front-end\node_modules\ursa-optional\build\ursaNative.vcxproj]
C:\Users\HCK\AppData\Local\node-gyp\Cache\16.13.0\include\node\v8.h(3104,41): message : 参见“v8::Value::Uint32Value”的声明 [D:\django\BS_Web\code\front-end\node_modules\ursa-optional\build\ursaNative.vcxproj]
D:\django\BS_Web\code\front-end\node_modules\ursa-optional\src\ursaNative.cc(1627,34): error C2660: “v8::Value::Uint32Value”: 函数不接受 0 个参数 [D:\django\BS_Web\code\front-end\node_modules\ursa-optional\build\ursaNative.vcxproj]
C:\Users\HCK\AppData\Local\node-gyp\Cache\16.13.0\include\node\v8.h(3104,41): message : 参见“v8::Value::Uint32Value”的声明 [D:\django\BS_Web\code\front-end\node_modules\ursa-optional\build\ursaNative.vcxproj]
D:\django\BS_Web\code\front-end\node_modules\ursa-optional\src\ursaNative.cc(1674,35): error C2660: “v8::Value::Uint32Value”: 函数不接受 0 个参数 [D:\django\BS_Web\code\front-end\node_modules\ursa-optional\build\ursaNative.vcxproj]
C:\Users\HCK\AppData\Local\node-gyp\Cache\16.13.0\include\node\v8.h(3104,41): message : 参见“v8::Value::Uint32Value”的声明 [D:\django\BS_Web\code\front-end\node_modules\ursa-optional\build\ursaNative.vcxproj]
